mode: set
bysykkel/main.go:19.13,22.16 2 0
bysykkel/main.go:22.16,24.3 1 0
bysykkel/main.go:26.2,34.57 8 0
bysykkel/main.go:34.57,36.17 2 0
bysykkel/main.go:36.17,38.4 1 0
bysykkel/main.go:41.2,41.42 1 0
bysykkel/main.go:41.42,43.39 2 0
bysykkel/main.go:43.39,44.32 1 0
bysykkel/main.go:44.32,46.5 1 0
bysykkel/main.go:48.3,48.16 1 0
bysykkel/main.go:51.2,53.39 2 0
bysykkel/main.go:53.39,55.3 1 0
bysykkel/internal/api/handlers/stations.go:21.53,25.2 1 0
bysykkel/internal/api/handlers/stations.go:27.88,30.16 3 1
bysykkel/internal/api/handlers/stations.go:30.16,36.3 2 1
bysykkel/internal/api/handlers/stations.go:38.2,39.16 2 1
bysykkel/internal/api/handlers/stations.go:39.16,45.3 2 1
bysykkel/internal/api/handlers/stations.go:47.2,51.4 2 1
bysykkel/internal/api/handlers/stations.go:54.141,56.49 2 1
bysykkel/internal/api/handlers/stations.go:56.49,61.53 2 1
bysykkel/internal/api/handlers/stations.go:61.53,62.42 1 1
bysykkel/internal/api/handlers/stations.go:62.42,65.5 2 1
bysykkel/internal/api/handlers/stations.go:67.3,67.49 1 1
bysykkel/internal/api/handlers/stations.go:69.2,69.24 1 1
bysykkel/internal/api/handlers/mocks/bysykkel_mock.go:32.73,36.2 3 1
bysykkel/internal/api/handlers/mocks/bysykkel_mock.go:39.71,41.2 1 1
bysykkel/internal/api/handlers/mocks/bysykkel_mock.go:44.104,50.2 5 1
bysykkel/internal/api/handlers/mocks/bysykkel_mock.go:53.80,56.2 2 1
bysykkel/internal/api/handlers/mocks/bysykkel_mock.go:59.108,65.2 5 1
bysykkel/internal/api/handlers/mocks/bysykkel_mock.go:68.82,71.2 2 1
bysykkel/internal/api/models/error.go:28.57,30.2 1 0
bysykkel/internal/api/models/error.go:33.85,35.2 1 0
bysykkel/internal/api/models/error.go:38.49,39.14 1 0
bysykkel/internal/api/models/error.go:39.14,41.3 1 0
bysykkel/internal/api/models/error.go:42.2,42.26 1 0
bysykkel/internal/api/models/error.go:46.49,48.47 2 0
bysykkel/internal/api/models/error.go:48.47,50.3 1 0
bysykkel/internal/api/models/error.go:51.2,52.12 2 0
bysykkel/internal/api/models/station_info.go:37.63,39.2 1 0
bysykkel/internal/api/models/station_info.go:42.91,44.2 1 0
bysykkel/internal/api/models/station_info.go:47.55,48.14 1 0
bysykkel/internal/api/models/station_info.go:48.14,50.3 1 0
bysykkel/internal/api/models/station_info.go:51.2,51.26 1 0
bysykkel/internal/api/models/station_info.go:55.55,57.47 2 0
bysykkel/internal/api/models/station_info.go:57.47,59.3 1 0
bysykkel/internal/api/models/station_info.go:60.2,61.12 2 0
bysykkel/internal/api/models/station_status_response.go:27.73,30.52 2 0
bysykkel/internal/api/models/station_status_response.go:30.52,32.3 1 0
bysykkel/internal/api/models/station_status_response.go:34.2,34.18 1 0
bysykkel/internal/api/models/station_status_response.go:34.18,36.3 1 0
bysykkel/internal/api/models/station_status_response.go:37.2,37.12 1 0
bysykkel/internal/api/models/station_status_response.go:40.81,41.29 1 0
bysykkel/internal/api/models/station_status_response.go:41.29,43.3 1 0
bysykkel/internal/api/models/station_status_response.go:45.2,45.39 1 0
bysykkel/internal/api/models/station_status_response.go:45.39,46.33 1 0
bysykkel/internal/api/models/station_status_response.go:46.33,47.12 1 0
bysykkel/internal/api/models/station_status_response.go:50.3,50.27 1 0
bysykkel/internal/api/models/station_status_response.go:50.27,51.58 1 0
bysykkel/internal/api/models/station_status_response.go:51.58,52.47 1 0
bysykkel/internal/api/models/station_status_response.go:52.47,54.6 1 0
bysykkel/internal/api/models/station_status_response.go:54.11,54.58 1 0
bysykkel/internal/api/models/station_status_response.go:54.58,56.6 1 0
bysykkel/internal/api/models/station_status_response.go:57.5,57.15 1 0
bysykkel/internal/api/models/station_status_response.go:63.2,63.12 1 0
bysykkel/internal/api/models/station_status_response.go:67.101,70.64 2 0
bysykkel/internal/api/models/station_status_response.go:70.64,72.3 1 0
bysykkel/internal/api/models/station_status_response.go:74.2,74.18 1 0
bysykkel/internal/api/models/station_status_response.go:74.18,76.3 1 0
bysykkel/internal/api/models/station_status_response.go:77.2,77.12 1 0
bysykkel/internal/api/models/station_status_response.go:80.109,82.39 1 0
bysykkel/internal/api/models/station_status_response.go:82.39,84.27 1 0
bysykkel/internal/api/models/station_status_response.go:84.27,86.34 1 0
bysykkel/internal/api/models/station_status_response.go:86.34,88.5 1 0
bysykkel/internal/api/models/station_status_response.go:90.4,90.70 1 0
bysykkel/internal/api/models/station_status_response.go:90.70,91.47 1 0
bysykkel/internal/api/models/station_status_response.go:91.47,93.6 1 0
bysykkel/internal/api/models/station_status_response.go:93.11,93.58 1 0
bysykkel/internal/api/models/station_status_response.go:93.58,95.6 1 0
bysykkel/internal/api/models/station_status_response.go:96.5,96.15 1 0
bysykkel/internal/api/models/station_status_response.go:102.2,102.12 1 0
bysykkel/internal/api/models/station_status_response.go:106.65,107.14 1 0
bysykkel/internal/api/models/station_status_response.go:107.14,109.3 1 0
bysykkel/internal/api/models/station_status_response.go:110.2,110.26 1 0
bysykkel/internal/api/models/station_status_response.go:114.65,116.47 2 0
bysykkel/internal/api/models/station_status_response.go:116.47,118.3 1 0
bysykkel/internal/api/models/station_status_response.go:119.2,120.12 2 0
bysykkel/internal/api/restapi/operations/bysykkel_api.go:24.56,32.31 1 0
bysykkel/internal/api/restapi/operations/bysykkel_api.go:32.32,32.33 0 0
bysykkel/internal/api/restapi/operations/bysykkel_api.go:33.32,33.33 0 0
bysykkel/internal/api/restapi/operations/bysykkel_api.go:45.110,47.4 1 0
bysykkel/internal/api/restapi/operations/bysykkel_api.go:107.34,109.2 1 0
bysykkel/internal/api/restapi/operations/bysykkel_api.go:112.38,114.2 1 0
bysykkel/internal/api/restapi/operations/bysykkel_api.go:117.60,119.2 1 0
bysykkel/internal/api/restapi/operations/bysykkel_api.go:122.60,124.2 1 0
bysykkel/internal/api/restapi/operations/bysykkel_api.go:127.53,129.2 1 0
bysykkel/internal/api/restapi/operations/bysykkel_api.go:132.48,134.2 1 0
bysykkel/internal/api/restapi/operations/bysykkel_api.go:137.48,139.2 1 0
bysykkel/internal/api/restapi/operations/bysykkel_api.go:142.49,144.2 1 0
bysykkel/internal/api/restapi/operations/bysykkel_api.go:147.101,149.2 1 0
bysykkel/internal/api/restapi/operations/bysykkel_api.go:152.40,155.27 2 0
bysykkel/internal/api/restapi/operations/bysykkel_api.go:155.27,157.3 1 0
bysykkel/internal/api/restapi/operations/bysykkel_api.go:159.2,159.27 1 0
bysykkel/internal/api/restapi/operations/bysykkel_api.go:159.27,161.3 1 0
bysykkel/internal/api/restapi/operations/bysykkel_api.go:163.2,163.37 1 0
bysykkel/internal/api/restapi/operations/bysykkel_api.go:163.37,165.3 1 0
bysykkel/internal/api/restapi/operations/bysykkel_api.go:167.2,167.27 1 0
bysykkel/internal/api/restapi/operations/bysykkel_api.go:167.27,169.3 1 0
bysykkel/internal/api/restapi/operations/bysykkel_api.go:171.2,171.12 1 0
bysykkel/internal/api/restapi/operations/bysykkel_api.go:175.105,177.2 1 0
bysykkel/internal/api/restapi/operations/bysykkel_api.go:180.114,182.2 1 0
bysykkel/internal/api/restapi/operations/bysykkel_api.go:185.55,187.2 1 0
bysykkel/internal/api/restapi/operations/bysykkel_api.go:191.85,193.32 2 0
bysykkel/internal/api/restapi/operations/bysykkel_api.go:193.32,194.13 1 0
bysykkel/internal/api/restapi/operations/bysykkel_api.go:195.27,196.47 1 0
bysykkel/internal/api/restapi/operations/bysykkel_api.go:199.3,199.41 1 0
bysykkel/internal/api/restapi/operations/bysykkel_api.go:199.41,201.4 1 0
bysykkel/internal/api/restapi/operations/bysykkel_api.go:203.2,203.15 1 0
bysykkel/internal/api/restapi/operations/bysykkel_api.go:208.85,210.32 2 0
bysykkel/internal/api/restapi/operations/bysykkel_api.go:210.32,211.13 1 0
bysykkel/internal/api/restapi/operations/bysykkel_api.go:212.27,213.47 1 0
bysykkel/internal/api/restapi/operations/bysykkel_api.go:216.3,216.41 1 0
bysykkel/internal/api/restapi/operations/bysykkel_api.go:216.41,218.4 1 0
bysykkel/internal/api/restapi/operations/bysykkel_api.go:220.2,220.15 1 0
bysykkel/internal/api/restapi/operations/bysykkel_api.go:224.76,225.23 1 0
bysykkel/internal/api/restapi/operations/bysykkel_api.go:225.23,227.3 1 0
bysykkel/internal/api/restapi/operations/bysykkel_api.go:228.2,229.34 2 0
bysykkel/internal/api/restapi/operations/bysykkel_api.go:229.34,231.3 1 0
bysykkel/internal/api/restapi/operations/bysykkel_api.go:232.2,232.17 1 0
bysykkel/internal/api/restapi/operations/bysykkel_api.go:232.17,234.3 1 0
bysykkel/internal/api/restapi/operations/bysykkel_api.go:235.2,236.14 2 0
bysykkel/internal/api/restapi/operations/bysykkel_api.go:240.53,241.22 1 0
bysykkel/internal/api/restapi/operations/bysykkel_api.go:241.22,243.3 1 0
bysykkel/internal/api/restapi/operations/bysykkel_api.go:245.2,245.18 1 0
bysykkel/internal/api/restapi/operations/bysykkel_api.go:248.42,250.23 2 0
bysykkel/internal/api/restapi/operations/bysykkel_api.go:250.23,252.3 1 0
bysykkel/internal/api/restapi/operations/bysykkel_api.go:254.2,254.30 1 0
bysykkel/internal/api/restapi/operations/bysykkel_api.go:254.30,256.3 1 0
bysykkel/internal/api/restapi/operations/bysykkel_api.go:257.2,257.90 1 0
bysykkel/internal/api/restapi/operations/bysykkel_api.go:262.70,265.25 2 0
bysykkel/internal/api/restapi/operations/bysykkel_api.go:265.25,267.3 1 0
bysykkel/internal/api/restapi/operations/bysykkel_api.go:268.2,268.20 1 0
bysykkel/internal/api/restapi/operations/bysykkel_api.go:268.20,270.3 1 0
bysykkel/internal/api/restapi/operations/bysykkel_api.go:271.2,271.38 1 0
bysykkel/internal/api/restapi/operations/bysykkel_api.go:275.30,276.26 1 0
bysykkel/internal/api/restapi/operations/bysykkel_api.go:276.26,278.3 1 0
bysykkel/internal/api/restapi/operations/bysykkel_api.go:282.85,284.2 1 0
bysykkel/internal/api/restapi/operations/bysykkel_api.go:287.85,289.2 1 0
bysykkel/internal/api/restapi/operations/bysykkel_api.go:292.89,294.17 2 0
bysykkel/internal/api/restapi/operations/bysykkel_api.go:294.17,296.3 1 0
bysykkel/internal/api/restapi/operations/bysykkel_api.go:297.2,298.39 2 0
bysykkel/internal/api/restapi/operations/bysykkel_api.go:298.39,300.3 1 0
bysykkel/internal/api/restapi/operations/get_stations_info.go:18.96,20.2 1 0
bysykkel/internal/api/restapi/operations/get_stations_info.go:28.99,30.2 1 0
bysykkel/internal/api/restapi/operations/get_stations_info.go:42.78,44.17 2 0
bysykkel/internal/api/restapi/operations/get_stations_info.go:44.17,46.3 1 0
bysykkel/internal/api/restapi/operations/get_stations_info.go:47.2,48.70 2 0
bysykkel/internal/api/restapi/operations/get_stations_info.go:48.70,51.3 2 0
bysykkel/internal/api/restapi/operations/get_stations_info.go:53.2,54.54 2 0
bysykkel/internal/api/restapi/operations/get_stations_info_parameters.go:18.55,21.2 1 0
bysykkel/internal/api/restapi/operations/get_stations_info_parameters.go:37.100,42.18 3 0
bysykkel/internal/api/restapi/operations/get_stations_info_parameters.go:42.18,44.3 1 0
bysykkel/internal/api/restapi/operations/get_stations_info_parameters.go:45.2,45.12 1 0
bysykkel/internal/api/restapi/operations/get_stations_info_responses.go:33.48,36.2 1 1
bysykkel/internal/api/restapi/operations/get_stations_info_responses.go:39.99,42.2 2 1
bysykkel/internal/api/restapi/operations/get_stations_info_responses.go:45.79,47.2 1 0
bysykkel/internal/api/restapi/operations/get_stations_info_responses.go:50.94,53.22 2 0
bysykkel/internal/api/restapi/operations/get_stations_info_responses.go:53.22,55.55 2 0
bysykkel/internal/api/restapi/operations/get_stations_info_responses.go:55.55,56.14 1 0
bysykkel/internal/api/restapi/operations/get_stations_info_responses.go:78.82,81.2 1 1
bysykkel/internal/api/restapi/operations/get_stations_info_responses.go:84.117,87.2 2 1
bysykkel/internal/api/restapi/operations/get_stations_info_responses.go:90.80,92.2 1 0
bysykkel/internal/api/restapi/operations/get_stations_info_responses.go:95.111,98.22 2 0
bysykkel/internal/api/restapi/operations/get_stations_info_responses.go:98.22,100.55 2 0
bysykkel/internal/api/restapi/operations/get_stations_info_responses.go:100.55,101.14 1 0
bysykkel/internal/api/restapi/operations/get_stations_info_urlbuilder.go:22.74,25.2 2 0
bysykkel/internal/api/restapi/operations/get_stations_info_urlbuilder.go:30.53,32.2 1 0
bysykkel/internal/api/restapi/operations/get_stations_info_urlbuilder.go:35.56,44.2 5 0
bysykkel/internal/api/restapi/operations/get_stations_info_urlbuilder.go:47.67,48.16 1 0
bysykkel/internal/api/restapi/operations/get_stations_info_urlbuilder.go:48.16,49.13 1 0
bysykkel/internal/api/restapi/operations/get_stations_info_urlbuilder.go:51.2,51.14 1 0
bysykkel/internal/api/restapi/operations/get_stations_info_urlbuilder.go:51.14,52.28 1 0
bysykkel/internal/api/restapi/operations/get_stations_info_urlbuilder.go:54.2,54.10 1 0
bysykkel/internal/api/restapi/operations/get_stations_info_urlbuilder.go:58.46,60.2 1 0
bysykkel/internal/api/restapi/operations/get_stations_info_urlbuilder.go:63.79,64.18 1 0
bysykkel/internal/api/restapi/operations/get_stations_info_urlbuilder.go:64.18,66.3 1 0
bysykkel/internal/api/restapi/operations/get_stations_info_urlbuilder.go:67.2,67.16 1 0
bysykkel/internal/api/restapi/operations/get_stations_info_urlbuilder.go:67.16,69.3 1 0
bysykkel/internal/api/restapi/operations/get_stations_info_urlbuilder.go:71.2,72.16 2 0
bysykkel/internal/api/restapi/operations/get_stations_info_urlbuilder.go:72.16,74.3 1 0
bysykkel/internal/api/restapi/operations/get_stations_info_urlbuilder.go:76.2,78.18 3 0
bysykkel/internal/api/restapi/operations/get_stations_info_urlbuilder.go:82.69,84.2 1 0
bysykkel/internal/clients/bysykkel.go:16.51,18.16 2 0
bysykkel/internal/clients/bysykkel.go:18.16,20.3 1 0
bysykkel/internal/clients/bysykkel.go:21.2,26.8 2 0
bysykkel/internal/clients/bysykkel.go:29.92,32.16 3 0
bysykkel/internal/clients/bysykkel.go:32.16,34.3 1 0
bysykkel/internal/clients/bysykkel.go:35.2,38.73 3 0
bysykkel/internal/clients/bysykkel.go:38.73,40.3 1 0
bysykkel/internal/clients/bysykkel.go:41.2,41.27 1 0
bysykkel/internal/clients/bysykkel.go:44.96,48.16 3 0
bysykkel/internal/clients/bysykkel.go:48.16,50.3 1 0
bysykkel/internal/clients/bysykkel.go:51.2,54.73 3 0
bysykkel/internal/clients/bysykkel.go:54.73,56.3 1 0
bysykkel/internal/clients/bysykkel.go:57.2,57.27 1 0
bysykkel/internal/clients/bysykkel.go:60.96,62.16 2 0
bysykkel/internal/clients/bysykkel.go:62.16,64.3 1 0
bysykkel/internal/clients/bysykkel.go:65.2,69.16 4 0
bysykkel/internal/clients/bysykkel.go:69.16,71.3 1 0
bysykkel/internal/clients/bysykkel.go:72.2,72.38 1 0
bysykkel/internal/clients/bysykkel.go:72.38,74.3 1 0
bysykkel/internal/clients/bysykkel.go:75.2,75.18 1 0
bysykkel/internal/api/handlers/mocks/bysykkel_mock.go:32.73,36.2 3 0
bysykkel/internal/api/handlers/mocks/bysykkel_mock.go:39.71,41.2 1 0
bysykkel/internal/api/handlers/mocks/bysykkel_mock.go:44.104,50.2 5 0
bysykkel/internal/api/handlers/mocks/bysykkel_mock.go:53.80,56.2 2 0
bysykkel/internal/api/handlers/mocks/bysykkel_mock.go:59.108,65.2 5 0
bysykkel/internal/api/handlers/mocks/bysykkel_mock.go:68.82,71.2 2 0
bysykkel/internal/api/models/error.go:28.57,30.2 1 0
bysykkel/internal/api/models/error.go:33.85,35.2 1 0
bysykkel/internal/api/models/error.go:38.49,39.14 1 0
bysykkel/internal/api/models/error.go:39.14,41.3 1 0
bysykkel/internal/api/models/error.go:42.2,42.26 1 0
bysykkel/internal/api/models/error.go:46.49,48.47 2 0
bysykkel/internal/api/models/error.go:48.47,50.3 1 0
bysykkel/internal/api/models/error.go:51.2,52.12 2 0
bysykkel/internal/api/models/station_info.go:37.63,39.2 1 0
bysykkel/internal/api/models/station_info.go:42.91,44.2 1 0
bysykkel/internal/api/models/station_info.go:47.55,48.14 1 0
bysykkel/internal/api/models/station_info.go:48.14,50.3 1 0
bysykkel/internal/api/models/station_info.go:51.2,51.26 1 0
bysykkel/internal/api/models/station_info.go:55.55,57.47 2 0
bysykkel/internal/api/models/station_info.go:57.47,59.3 1 0
bysykkel/internal/api/models/station_info.go:60.2,61.12 2 0
bysykkel/internal/api/models/station_status_response.go:27.73,30.52 2 0
bysykkel/internal/api/models/station_status_response.go:30.52,32.3 1 0
bysykkel/internal/api/models/station_status_response.go:34.2,34.18 1 0
bysykkel/internal/api/models/station_status_response.go:34.18,36.3 1 0
bysykkel/internal/api/models/station_status_response.go:37.2,37.12 1 0
bysykkel/internal/api/models/station_status_response.go:40.81,41.29 1 0
bysykkel/internal/api/models/station_status_response.go:41.29,43.3 1 0
bysykkel/internal/api/models/station_status_response.go:45.2,45.39 1 0
bysykkel/internal/api/models/station_status_response.go:45.39,46.33 1 0
bysykkel/internal/api/models/station_status_response.go:46.33,47.12 1 0
bysykkel/internal/api/models/station_status_response.go:50.3,50.27 1 0
bysykkel/internal/api/models/station_status_response.go:50.27,51.58 1 0
bysykkel/internal/api/models/station_status_response.go:51.58,52.47 1 0
bysykkel/internal/api/models/station_status_response.go:52.47,54.6 1 0
bysykkel/internal/api/models/station_status_response.go:54.11,54.58 1 0
bysykkel/internal/api/models/station_status_response.go:54.58,56.6 1 0
bysykkel/internal/api/models/station_status_response.go:57.5,57.15 1 0
bysykkel/internal/api/models/station_status_response.go:63.2,63.12 1 0
bysykkel/internal/api/models/station_status_response.go:67.101,70.64 2 0
bysykkel/internal/api/models/station_status_response.go:70.64,72.3 1 0
bysykkel/internal/api/models/station_status_response.go:74.2,74.18 1 0
bysykkel/internal/api/models/station_status_response.go:74.18,76.3 1 0
bysykkel/internal/api/models/station_status_response.go:77.2,77.12 1 0
bysykkel/internal/api/models/station_status_response.go:80.109,82.39 1 0
bysykkel/internal/api/models/station_status_response.go:82.39,84.27 1 0
bysykkel/internal/api/models/station_status_response.go:84.27,86.34 1 0
bysykkel/internal/api/models/station_status_response.go:86.34,88.5 1 0
bysykkel/internal/api/models/station_status_response.go:90.4,90.70 1 0
bysykkel/internal/api/models/station_status_response.go:90.70,91.47 1 0
bysykkel/internal/api/models/station_status_response.go:91.47,93.6 1 0
bysykkel/internal/api/models/station_status_response.go:93.11,93.58 1 0
bysykkel/internal/api/models/station_status_response.go:93.58,95.6 1 0
bysykkel/internal/api/models/station_status_response.go:96.5,96.15 1 0
bysykkel/internal/api/models/station_status_response.go:102.2,102.12 1 0
bysykkel/internal/api/models/station_status_response.go:106.65,107.14 1 0
bysykkel/internal/api/models/station_status_response.go:107.14,109.3 1 0
bysykkel/internal/api/models/station_status_response.go:110.2,110.26 1 0
bysykkel/internal/api/models/station_status_response.go:114.65,116.47 2 0
bysykkel/internal/api/models/station_status_response.go:116.47,118.3 1 0
bysykkel/internal/api/models/station_status_response.go:119.2,120.12 2 0
bysykkel/internal/api/restapi/configure_bysykkel.go:18.51,20.2 0 0
bysykkel/internal/api/restapi/configure_bysykkel.go:22.61,41.16 6 0
bysykkel/internal/api/restapi/configure_bysykkel.go:41.16,42.13 1 0
bysykkel/internal/api/restapi/configure_bysykkel.go:44.2,46.33 2 0
bysykkel/internal/api/restapi/configure_bysykkel.go:46.34,46.35 0 0
bysykkel/internal/api/restapi/configure_bysykkel.go:48.2,48.30 1 0
bysykkel/internal/api/restapi/configure_bysykkel.go:48.31,48.32 0 0
bysykkel/internal/api/restapi/configure_bysykkel.go:50.2,50.59 1 0
bysykkel/internal/api/restapi/configure_bysykkel.go:54.43,56.2 0 0
bysykkel/internal/api/restapi/configure_bysykkel.go:62.60,63.2 0 0
bysykkel/internal/api/restapi/configure_bysykkel.go:67.58,69.2 1 0
bysykkel/internal/api/restapi/configure_bysykkel.go:73.63,75.2 1 0
bysykkel/internal/api/restapi/embedded_spec.go:19.13,170.2 2 0
bysykkel/internal/api/restapi/server.go:38.13,42.2 1 0
bysykkel/internal/api/restapi/server.go:45.53,52.2 5 0
bysykkel/internal/api/restapi/server.go:55.33,56.18 1 0
bysykkel/internal/api/restapi/server.go:56.18,58.3 1 0
bysykkel/internal/api/restapi/server.go:62.35,63.18 1 0
bysykkel/internal/api/restapi/server.go:63.18,65.3 1 0
bysykkel/internal/api/restapi/server.go:107.54,108.41 1 0
bysykkel/internal/api/restapi/server.go:108.41,110.3 1 0
bysykkel/internal/api/restapi/server.go:110.8,112.3 1 0
bysykkel/internal/api/restapi/server.go:117.56,118.41 1 0
bysykkel/internal/api/restapi/server.go:118.41,121.3 2 0
bysykkel/internal/api/restapi/server.go:121.8,123.3 1 0
bysykkel/internal/api/restapi/server.go:127.54,128.16 1 0
bysykkel/internal/api/restapi/server.go:128.16,132.3 3 0
bysykkel/internal/api/restapi/server.go:134.2,135.31 2 0
bysykkel/internal/api/restapi/server.go:138.48,140.23 2 0
bysykkel/internal/api/restapi/server.go:140.23,142.3 1 0
bysykkel/internal/api/restapi/server.go:144.2,144.28 1 0
bysykkel/internal/api/restapi/server.go:144.28,145.18 1 0
bysykkel/internal/api/restapi/server.go:145.18,147.4 1 0
bysykkel/internal/api/restapi/server.go:149.2,149.14 1 0
bysykkel/internal/api/restapi/server.go:153.38,154.21 1 0
bysykkel/internal/api/restapi/server.go:154.21,155.35 1 0
bysykkel/internal/api/restapi/server.go:155.35,157.4 1 0
bysykkel/internal/api/restapi/server.go:161.2,161.22 1 0
bysykkel/internal/api/restapi/server.go:161.22,162.19 1 0
bysykkel/internal/api/restapi/server.go:162.19,164.4 1 0
bysykkel/internal/api/restapi/server.go:166.3,166.33 1 0
bysykkel/internal/api/restapi/server.go:169.2,176.29 6 0
bysykkel/internal/api/restapi/server.go:176.29,180.34 4 0
bysykkel/internal/api/restapi/server.go:180.34,182.4 1 0
bysykkel/internal/api/restapi/server.go:184.3,189.27 5 0
bysykkel/internal/api/restapi/server.go:189.27,191.79 2 0
bysykkel/internal/api/restapi/server.go:191.79,193.5 1 0
bysykkel/internal/api/restapi/server.go:194.4,194.65 1 0
bysykkel/internal/api/restapi/server.go:198.2,198.29 1 0
bysykkel/internal/api/restapi/server.go:198.29,204.24 6 0
bysykkel/internal/api/restapi/server.go:204.24,206.4 1 0
bysykkel/internal/api/restapi/server.go:208.3,208.34 1 0
bysykkel/internal/api/restapi/server.go:208.34,210.4 1 0
bysykkel/internal/api/restapi/server.go:212.3,219.27 6 0
bysykkel/internal/api/restapi/server.go:219.27,221.77 2 0
bysykkel/internal/api/restapi/server.go:221.77,223.5 1 0
bysykkel/internal/api/restapi/server.go:224.4,224.61 1 0
bysykkel/internal/api/restapi/server.go:228.2,228.30 1 0
bysykkel/internal/api/restapi/server.go:228.30,234.27 6 0
bysykkel/internal/api/restapi/server.go:234.27,236.4 1 0
bysykkel/internal/api/restapi/server.go:237.3,237.34 1 0
bysykkel/internal/api/restapi/server.go:237.34,239.4 1 0
bysykkel/internal/api/restapi/server.go:240.3,266.58 3 0
bysykkel/internal/api/restapi/server.go:266.58,269.18 3 0
bysykkel/internal/api/restapi/server.go:269.18,271.5 1 0
bysykkel/internal/api/restapi/server.go:274.3,274.31 1 0
bysykkel/internal/api/restapi/server.go:274.31,277.24 2 0
bysykkel/internal/api/restapi/server.go:277.24,279.5 1 0
bysykkel/internal/api/restapi/server.go:280.4,282.11 3 0
bysykkel/internal/api/restapi/server.go:282.11,284.5 1 0
bysykkel/internal/api/restapi/server.go:285.4,286.69 2 0
bysykkel/internal/api/restapi/server.go:290.3,292.98 2 0
bysykkel/internal/api/restapi/server.go:292.98,294.30 1 0
bysykkel/internal/api/restapi/server.go:294.30,295.34 1 0
bysykkel/internal/api/restapi/server.go:295.34,297.6 1 0
bysykkel/internal/api/restapi/server.go:298.5,298.72 1 0
bysykkel/internal/api/restapi/server.go:300.4,300.33 1 0
bysykkel/internal/api/restapi/server.go:300.33,302.5 1 0
bysykkel/internal/api/restapi/server.go:304.4,304.53 1 0
bysykkel/internal/api/restapi/server.go:307.3,312.27 5 0
bysykkel/internal/api/restapi/server.go:312.27,314.78 2 0
bysykkel/internal/api/restapi/server.go:314.78,316.5 1 0
bysykkel/internal/api/restapi/server.go:317.4,317.62 1 0
bysykkel/internal/api/restapi/server.go:321.2,325.12 4 0
bysykkel/internal/api/restapi/server.go:329.33,330.20 1 0
bysykkel/internal/api/restapi/server.go:330.20,332.3 1 0
bysykkel/internal/api/restapi/server.go:334.2,334.30 1 0
bysykkel/internal/api/restapi/server.go:334.30,336.22 1 0
bysykkel/internal/api/restapi/server.go:336.22,338.4 1 0
bysykkel/internal/api/restapi/server.go:340.3,340.28 1 0
bysykkel/internal/api/restapi/server.go:340.28,342.4 1 0
bysykkel/internal/api/restapi/server.go:344.3,344.33 1 0
bysykkel/internal/api/restapi/server.go:344.33,346.4 1 0
bysykkel/internal/api/restapi/server.go:348.3,348.35 1 0
bysykkel/internal/api/restapi/server.go:348.35,350.4 1 0
bysykkel/internal/api/restapi/server.go:352.3,352.36 1 0
bysykkel/internal/api/restapi/server.go:352.36,354.4 1 0
bysykkel/internal/api/restapi/server.go:357.2,357.29 1 0
bysykkel/internal/api/restapi/server.go:357.29,359.17 2 0
bysykkel/internal/api/restapi/server.go:359.17,361.4 1 0
bysykkel/internal/api/restapi/server.go:362.3,362.36 1 0
bysykkel/internal/api/restapi/server.go:365.2,365.29 1 0
bysykkel/internal/api/restapi/server.go:365.29,367.17 2 0
bysykkel/internal/api/restapi/server.go:367.17,369.4 1 0
bysykkel/internal/api/restapi/server.go:371.3,372.17 2 0
bysykkel/internal/api/restapi/server.go:372.17,374.4 1 0
bysykkel/internal/api/restapi/server.go:375.3,377.27 3 0
bysykkel/internal/api/restapi/server.go:380.2,380.30 1 0
bysykkel/internal/api/restapi/server.go:380.30,382.17 2 0
bysykkel/internal/api/restapi/server.go:382.17,384.4 1 0
bysykkel/internal/api/restapi/server.go:386.3,387.17 2 0
bysykkel/internal/api/restapi/server.go:387.17,389.4 1 0
bysykkel/internal/api/restapi/server.go:390.3,392.31 3 0
bysykkel/internal/api/restapi/server.go:395.2,396.12 2 0
bysykkel/internal/api/restapi/server.go:400.35,401.55 1 0
bysykkel/internal/api/restapi/server.go:401.55,403.3 1 0
bysykkel/internal/api/restapi/server.go:404.2,404.12 1 0
bysykkel/internal/api/restapi/server.go:407.81,423.25 8 0
bysykkel/internal/api/restapi/server.go:423.25,425.13 2 0
bysykkel/internal/api/restapi/server.go:425.13,427.17 2 0
bysykkel/internal/api/restapi/server.go:427.17,429.5 1 0
bysykkel/internal/api/restapi/server.go:430.4,430.47 1 0
bysykkel/internal/api/restapi/server.go:430.47,433.5 1 0
bysykkel/internal/api/restapi/server.go:433.10,435.5 1 0
bysykkel/internal/api/restapi/server.go:440.2,441.20 2 0
bysykkel/internal/api/restapi/server.go:441.20,443.3 1 0
bysykkel/internal/api/restapi/server.go:444.2,444.13 1 0
bysykkel/internal/api/restapi/server.go:444.13,446.3 1 0
bysykkel/internal/api/restapi/server.go:450.44,452.2 1 0
bysykkel/internal/api/restapi/server.go:455.51,457.2 1 0
bysykkel/internal/api/restapi/server.go:460.55,461.21 1 0
bysykkel/internal/api/restapi/server.go:461.21,462.36 1 0
bysykkel/internal/api/restapi/server.go:462.36,464.4 1 0
bysykkel/internal/api/restapi/server.go:466.2,466.29 1 0
bysykkel/internal/api/restapi/server.go:470.55,471.21 1 0
bysykkel/internal/api/restapi/server.go:471.21,472.36 1 0
bysykkel/internal/api/restapi/server.go:472.36,474.4 1 0
bysykkel/internal/api/restapi/server.go:476.2,476.27 1 0
bysykkel/internal/api/restapi/server.go:480.54,481.21 1 0
bysykkel/internal/api/restapi/server.go:481.21,482.36 1 0
bysykkel/internal/api/restapi/server.go:482.36,484.4 1 0
bysykkel/internal/api/restapi/server.go:486.2,486.28 1 0
bysykkel/internal/api/restapi/server.go:489.50,490.17 1 0
bysykkel/internal/api/restapi/server.go:490.17,491.25 1 0
bysykkel/internal/api/restapi/server.go:491.25,492.21 1 0
bysykkel/internal/api/restapi/server.go:492.21,494.13 2 0
bysykkel/internal/api/restapi/server.go:496.4,498.39 3 0
bysykkel/internal/api/restapi/server.go:498.39,500.5 1 0
bysykkel/internal/api/restapi/server.go:505.47,507.2 1 0
bysykkel/internal/api/restapi/operations/bysykkel_api.go:24.56,32.31 1 0
bysykkel/internal/api/restapi/operations/bysykkel_api.go:32.32,32.33 0 0
bysykkel/internal/api/restapi/operations/bysykkel_api.go:33.32,33.33 0 0
bysykkel/internal/api/restapi/operations/bysykkel_api.go:45.110,47.4 1 0
bysykkel/internal/api/restapi/operations/bysykkel_api.go:107.34,109.2 1 0
bysykkel/internal/api/restapi/operations/bysykkel_api.go:112.38,114.2 1 0
bysykkel/internal/api/restapi/operations/bysykkel_api.go:117.60,119.2 1 0
bysykkel/internal/api/restapi/operations/bysykkel_api.go:122.60,124.2 1 0
bysykkel/internal/api/restapi/operations/bysykkel_api.go:127.53,129.2 1 0
bysykkel/internal/api/restapi/operations/bysykkel_api.go:132.48,134.2 1 0
bysykkel/internal/api/restapi/operations/bysykkel_api.go:137.48,139.2 1 0
bysykkel/internal/api/restapi/operations/bysykkel_api.go:142.49,144.2 1 0
bysykkel/internal/api/restapi/operations/bysykkel_api.go:147.101,149.2 1 0
bysykkel/internal/api/restapi/operations/bysykkel_api.go:152.40,155.27 2 0
bysykkel/internal/api/restapi/operations/bysykkel_api.go:155.27,157.3 1 0
bysykkel/internal/api/restapi/operations/bysykkel_api.go:159.2,159.27 1 0
bysykkel/internal/api/restapi/operations/bysykkel_api.go:159.27,161.3 1 0
bysykkel/internal/api/restapi/operations/bysykkel_api.go:163.2,163.37 1 0
bysykkel/internal/api/restapi/operations/bysykkel_api.go:163.37,165.3 1 0
bysykkel/internal/api/restapi/operations/bysykkel_api.go:167.2,167.27 1 0
bysykkel/internal/api/restapi/operations/bysykkel_api.go:167.27,169.3 1 0
bysykkel/internal/api/restapi/operations/bysykkel_api.go:171.2,171.12 1 0
bysykkel/internal/api/restapi/operations/bysykkel_api.go:175.105,177.2 1 0
bysykkel/internal/api/restapi/operations/bysykkel_api.go:180.114,182.2 1 0
bysykkel/internal/api/restapi/operations/bysykkel_api.go:185.55,187.2 1 0
bysykkel/internal/api/restapi/operations/bysykkel_api.go:191.85,193.32 2 0
bysykkel/internal/api/restapi/operations/bysykkel_api.go:193.32,194.13 1 0
bysykkel/internal/api/restapi/operations/bysykkel_api.go:195.27,196.47 1 0
bysykkel/internal/api/restapi/operations/bysykkel_api.go:199.3,199.41 1 0
bysykkel/internal/api/restapi/operations/bysykkel_api.go:199.41,201.4 1 0
bysykkel/internal/api/restapi/operations/bysykkel_api.go:203.2,203.15 1 0
bysykkel/internal/api/restapi/operations/bysykkel_api.go:208.85,210.32 2 0
bysykkel/internal/api/restapi/operations/bysykkel_api.go:210.32,211.13 1 0
bysykkel/internal/api/restapi/operations/bysykkel_api.go:212.27,213.47 1 0
bysykkel/internal/api/restapi/operations/bysykkel_api.go:216.3,216.41 1 0
bysykkel/internal/api/restapi/operations/bysykkel_api.go:216.41,218.4 1 0
bysykkel/internal/api/restapi/operations/bysykkel_api.go:220.2,220.15 1 0
bysykkel/internal/api/restapi/operations/bysykkel_api.go:224.76,225.23 1 0
bysykkel/internal/api/restapi/operations/bysykkel_api.go:225.23,227.3 1 0
bysykkel/internal/api/restapi/operations/bysykkel_api.go:228.2,229.34 2 0
bysykkel/internal/api/restapi/operations/bysykkel_api.go:229.34,231.3 1 0
bysykkel/internal/api/restapi/operations/bysykkel_api.go:232.2,232.17 1 0
bysykkel/internal/api/restapi/operations/bysykkel_api.go:232.17,234.3 1 0
bysykkel/internal/api/restapi/operations/bysykkel_api.go:235.2,236.14 2 0
bysykkel/internal/api/restapi/operations/bysykkel_api.go:240.53,241.22 1 0
bysykkel/internal/api/restapi/operations/bysykkel_api.go:241.22,243.3 1 0
bysykkel/internal/api/restapi/operations/bysykkel_api.go:245.2,245.18 1 0
bysykkel/internal/api/restapi/operations/bysykkel_api.go:248.42,250.23 2 0
bysykkel/internal/api/restapi/operations/bysykkel_api.go:250.23,252.3 1 0
bysykkel/internal/api/restapi/operations/bysykkel_api.go:254.2,254.30 1 0
bysykkel/internal/api/restapi/operations/bysykkel_api.go:254.30,256.3 1 0
bysykkel/internal/api/restapi/operations/bysykkel_api.go:257.2,257.90 1 0
bysykkel/internal/api/restapi/operations/bysykkel_api.go:262.70,265.25 2 0
bysykkel/internal/api/restapi/operations/bysykkel_api.go:265.25,267.3 1 0
bysykkel/internal/api/restapi/operations/bysykkel_api.go:268.2,268.20 1 0
bysykkel/internal/api/restapi/operations/bysykkel_api.go:268.20,270.3 1 0
bysykkel/internal/api/restapi/operations/bysykkel_api.go:271.2,271.38 1 0
bysykkel/internal/api/restapi/operations/bysykkel_api.go:275.30,276.26 1 0
bysykkel/internal/api/restapi/operations/bysykkel_api.go:276.26,278.3 1 0
bysykkel/internal/api/restapi/operations/bysykkel_api.go:282.85,284.2 1 0
bysykkel/internal/api/restapi/operations/bysykkel_api.go:287.85,289.2 1 0
bysykkel/internal/api/restapi/operations/bysykkel_api.go:292.89,294.17 2 0
bysykkel/internal/api/restapi/operations/bysykkel_api.go:294.17,296.3 1 0
bysykkel/internal/api/restapi/operations/bysykkel_api.go:297.2,298.39 2 0
bysykkel/internal/api/restapi/operations/bysykkel_api.go:298.39,300.3 1 0
bysykkel/internal/api/restapi/operations/get_stations_info.go:18.96,20.2 1 0
bysykkel/internal/api/restapi/operations/get_stations_info.go:28.99,30.2 1 0
bysykkel/internal/api/restapi/operations/get_stations_info.go:42.78,44.17 2 0
bysykkel/internal/api/restapi/operations/get_stations_info.go:44.17,46.3 1 0
bysykkel/internal/api/restapi/operations/get_stations_info.go:47.2,48.70 2 0
bysykkel/internal/api/restapi/operations/get_stations_info.go:48.70,51.3 2 0
bysykkel/internal/api/restapi/operations/get_stations_info.go:53.2,54.54 2 0
bysykkel/internal/api/restapi/operations/get_stations_info_parameters.go:18.55,21.2 1 0
bysykkel/internal/api/restapi/operations/get_stations_info_parameters.go:37.100,42.18 3 0
bysykkel/internal/api/restapi/operations/get_stations_info_parameters.go:42.18,44.3 1 0
bysykkel/internal/api/restapi/operations/get_stations_info_parameters.go:45.2,45.12 1 0
bysykkel/internal/api/restapi/operations/get_stations_info_responses.go:33.48,36.2 1 0
bysykkel/internal/api/restapi/operations/get_stations_info_responses.go:39.99,42.2 2 0
bysykkel/internal/api/restapi/operations/get_stations_info_responses.go:45.79,47.2 1 0
bysykkel/internal/api/restapi/operations/get_stations_info_responses.go:50.94,53.22 2 0
bysykkel/internal/api/restapi/operations/get_stations_info_responses.go:53.22,55.55 2 0
bysykkel/internal/api/restapi/operations/get_stations_info_responses.go:55.55,56.14 1 0
bysykkel/internal/api/restapi/operations/get_stations_info_responses.go:78.82,81.2 1 0
bysykkel/internal/api/restapi/operations/get_stations_info_responses.go:84.117,87.2 2 0
bysykkel/internal/api/restapi/operations/get_stations_info_responses.go:90.80,92.2 1 0
bysykkel/internal/api/restapi/operations/get_stations_info_responses.go:95.111,98.22 2 0
bysykkel/internal/api/restapi/operations/get_stations_info_responses.go:98.22,100.55 2 0
bysykkel/internal/api/restapi/operations/get_stations_info_responses.go:100.55,101.14 1 0
bysykkel/internal/api/restapi/operations/get_stations_info_urlbuilder.go:22.74,25.2 2 0
bysykkel/internal/api/restapi/operations/get_stations_info_urlbuilder.go:30.53,32.2 1 0
bysykkel/internal/api/restapi/operations/get_stations_info_urlbuilder.go:35.56,44.2 5 0
bysykkel/internal/api/restapi/operations/get_stations_info_urlbuilder.go:47.67,48.16 1 0
bysykkel/internal/api/restapi/operations/get_stations_info_urlbuilder.go:48.16,49.13 1 0
bysykkel/internal/api/restapi/operations/get_stations_info_urlbuilder.go:51.2,51.14 1 0
bysykkel/internal/api/restapi/operations/get_stations_info_urlbuilder.go:51.14,52.28 1 0
bysykkel/internal/api/restapi/operations/get_stations_info_urlbuilder.go:54.2,54.10 1 0
bysykkel/internal/api/restapi/operations/get_stations_info_urlbuilder.go:58.46,60.2 1 0
bysykkel/internal/api/restapi/operations/get_stations_info_urlbuilder.go:63.79,64.18 1 0
bysykkel/internal/api/restapi/operations/get_stations_info_urlbuilder.go:64.18,66.3 1 0
bysykkel/internal/api/restapi/operations/get_stations_info_urlbuilder.go:67.2,67.16 1 0
bysykkel/internal/api/restapi/operations/get_stations_info_urlbuilder.go:67.16,69.3 1 0
bysykkel/internal/api/restapi/operations/get_stations_info_urlbuilder.go:71.2,72.16 2 0
bysykkel/internal/api/restapi/operations/get_stations_info_urlbuilder.go:72.16,74.3 1 0
bysykkel/internal/api/restapi/operations/get_stations_info_urlbuilder.go:76.2,78.18 3 0
bysykkel/internal/api/restapi/operations/get_stations_info_urlbuilder.go:82.69,84.2 1 0
bysykkel/internal/clients/bysykkel.go:16.51,18.16 2 0
bysykkel/internal/clients/bysykkel.go:18.16,20.3 1 0
bysykkel/internal/clients/bysykkel.go:21.2,26.8 2 0
bysykkel/internal/clients/bysykkel.go:29.92,32.16 3 0
bysykkel/internal/clients/bysykkel.go:32.16,34.3 1 0
bysykkel/internal/clients/bysykkel.go:35.2,38.73 3 0
bysykkel/internal/clients/bysykkel.go:38.73,40.3 1 0
bysykkel/internal/clients/bysykkel.go:41.2,41.27 1 0
bysykkel/internal/clients/bysykkel.go:44.96,48.16 3 0
bysykkel/internal/clients/bysykkel.go:48.16,50.3 1 0
bysykkel/internal/clients/bysykkel.go:51.2,54.73 3 0
bysykkel/internal/clients/bysykkel.go:54.73,56.3 1 0
bysykkel/internal/clients/bysykkel.go:57.2,57.27 1 0
bysykkel/internal/clients/bysykkel.go:60.96,62.16 2 0
bysykkel/internal/clients/bysykkel.go:62.16,64.3 1 0
bysykkel/internal/clients/bysykkel.go:65.2,69.16 4 0
bysykkel/internal/clients/bysykkel.go:69.16,71.3 1 0
bysykkel/internal/clients/bysykkel.go:72.2,72.38 1 0
bysykkel/internal/clients/bysykkel.go:72.38,74.3 1 0
bysykkel/internal/clients/bysykkel.go:75.2,75.18 1 0
